<?xml version="1.0" encoding="UTF-8"?>
<!-- Generated by org.testng.reporters.JUnitXMLReporter -->
<testsuite ignored="0" hostname="Harshadas-MBP" failures="0" tests="7" name="Test" time="134.733" errors="0" timestamp="2022-07-21T18:46:32 CEST">
  <testcase classname="tests.APITestCases" name="APITest1" time="3.718"/>
  <testcase classname="tests.APITestCases" name="APITest2" time="0.418"/>
  <testcase classname="tests.APITestCases" name="APITest2" time="0.272"/>
  <testcase classname="tests.APITestCases" name="APITest2" time="0.268"/>
  <testcase classname="tests.UITestCases" name="verifyServicesAutomationLink" time="5.8"/>
  <testcase classname="tests.UITestCases" name="verifyContactUs" time="11.725"/>
  <testcase classname="tests.UITestCases" name="verifyWorldwideDropdownCounties" time="66.546"/>
</testsuite> <!-- Test -->
