<?xml version="1.0" encoding="UTF-8"?>
<!-- Generated by org.testng.reporters.JUnitXMLReporter -->
<testsuite ignored="0" hostname="Harshadas-MBP" failures="0" tests="4" name="Default test" time="4.739" errors="0" timestamp="2022-07-21T16:15:35 CEST">
  <testcase classname="tests.APITestCases" name="APITest1" time="3.735"/>
  <testcase classname="tests.APITestCases" name="APITest2" time="0.42"/>
  <testcase classname="tests.APITestCases" name="APITest2" time="0.259"/>
  <testcase classname="tests.APITestCases" name="APITest2" time="0.262"/>
</testsuite> <!-- Default test -->
