<?xml version="1.0" encoding="UTF-8"?>
<testng-results ignored="0" total="3" passed="3" failed="0" skipped="0">
  <reporter-output>
  </reporter-output>
  <suite started-at="2022-07-20T20:09:08 CEST" name="Default suite" finished-at="2022-07-20T20:11:42 CEST" duration-ms="153516">
    <groups>
    </groups>
    <test started-at="2022-07-20T20:09:08 CEST" name="Default test" finished-at="2022-07-20T20:11:42 CEST" duration-ms="153516">
      <class name="tests.TestCase">
        <test-method is-config="true" signature="setupApplication()[pri:0, instance:tests.TestCase@1b1426f4]" started-at="2022-07-20T20:09:08 CEST" name="setupApplication" finished-at="2022-07-20T20:09:50 CEST" duration-ms="41426" status="PASS">
          <reporter-output>
          </reporter-output>
        </test-method> <!-- setupApplication -->
        <test-method signature="verifyServicesAutomationLink()[pri:1, instance:tests.TestCase@1b1426f4]" started-at="2022-07-20T20:09:50 CEST" name="verifyServicesAutomationLink" finished-at="2022-07-20T20:09:56 CEST" duration-ms="5898" status="PASS">
          <reporter-output>
          </reporter-output>
        </test-method> <!-- verifyServicesAutomationLink -->
        <test-method is-config="true" signature="closeApplication()[pri:0, instance:tests.TestCase@1b1426f4]" started-at="2022-07-20T20:09:56 CEST" name="closeApplication" finished-at="2022-07-20T20:09:56 CEST" duration-ms="113" status="PASS">
          <reporter-output>
          </reporter-output>
        </test-method> <!-- closeApplication -->
        <test-method is-config="true" signature="setupApplication()[pri:0, instance:tests.TestCase@1b1426f4]" started-at="2022-07-20T20:09:56 CEST" name="setupApplication" finished-at="2022-07-20T20:10:10 CEST" duration-ms="13751" status="PASS">
          <reporter-output>
          </reporter-output>
        </test-method> <!-- setupApplication -->
        <test-method signature="verifyContactUs()[pri:2, instance:tests.TestCase@1b1426f4]" started-at="2022-07-20T20:10:10 CEST" name="verifyContactUs" finished-at="2022-07-20T20:10:21 CEST" duration-ms="11194" status="PASS">
          <reporter-output>
          </reporter-output>
        </test-method> <!-- verifyContactUs -->
        <test-method is-config="true" signature="closeApplication()[pri:0, instance:tests.TestCase@1b1426f4]" started-at="2022-07-20T20:10:21 CEST" name="closeApplication" finished-at="2022-07-20T20:10:21 CEST" duration-ms="220" status="PASS">
          <reporter-output>
          </reporter-output>
        </test-method> <!-- closeApplication -->
        <test-method is-config="true" signature="setupApplication()[pri:0, instance:tests.TestCase@1b1426f4]" started-at="2022-07-20T20:10:21 CEST" name="setupApplication" finished-at="2022-07-20T20:10:35 CEST" duration-ms="13783" status="PASS">
          <reporter-output>
          </reporter-output>
        </test-method> <!-- setupApplication -->
        <test-method signature="verifyWorldwideDropdownCounties()[pri:3, instance:tests.TestCase@1b1426f4]" started-at="2022-07-20T20:10:35 CEST" name="verifyWorldwideDropdownCounties" finished-at="2022-07-20T20:11:42 CEST" duration-ms="66853" status="PASS">
          <reporter-output>
          </reporter-output>
        </test-method> <!-- verifyWorldwideDropdownCounties -->
        <test-method is-config="true" signature="closeApplication()[pri:0, instance:tests.TestCase@1b1426f4]" started-at="2022-07-20T20:11:42 CEST" name="closeApplication" finished-at="2022-07-20T20:11:42 CEST" duration-ms="221" status="PASS">
          <reporter-output>
          </reporter-output>
        </test-method> <!-- closeApplication -->
      </class> <!-- tests.TestCase -->
    </test> <!-- Default test -->
  </suite> <!-- Default suite -->
</testng-results>
