<?xml version="1.0" encoding="UTF-8"?>
<!-- Generated by org.testng.reporters.JUnitXMLReporter -->
<testsuite ignored="0" hostname="Harshadas-MBP" failures="0" tests="3" name="Default test" time="153.516" errors="0" timestamp="2022-07-20T20:11:42 CEST">
  <testcase classname="tests.TestCase" name="verifyServicesAutomationLink" time="5.898"/>
  <testcase classname="tests.TestCase" name="verifyContactUs" time="11.194"/>
  <testcase classname="tests.TestCase" name="verifyWorldwideDropdownCounties" time="66.853"/>
</testsuite> <!-- Default test -->
