<?xml version="1.0" encoding="UTF-8"?>
<testng-results ignored="0" total="4" passed="4" failed="0" skipped="0">
  <reporter-output>
  </reporter-output>
  <suite started-at="2022-07-20T18:12:25Z" name="Default suite" finished-at="2022-07-20T18:12:29Z" duration-ms="4459">
    <groups>
    </groups>
    <test started-at="2022-07-20T18:12:25Z" name="Default test" finished-at="2022-07-20T18:12:29Z" duration-ms="4459">
      <class name="GetAPI">
        <test-method signature="APITest1()[pri:0, instance:GetAPI@6d07a63d]" started-at="2022-07-20T18:12:25Z" name="APITest1" finished-at="2022-07-20T18:12:28Z" duration-ms="3460" status="PASS">
          <reporter-output>
          </reporter-output>
        </test-method> <!-- APITest1 -->
        <test-method signature="APITest2(java.lang.String, java.lang.String, java.lang.String)[pri:0, instance:GetAPI@6d07a63d]" started-at="2022-07-20T18:12:28Z" name="APITest2" data-provider="dataprovider1" finished-at="2022-07-20T18:12:29Z" duration-ms="431" status="PASS">
          <params>
            <param index="0">
              <value>
                <![CDATA[us]]>
              </value>
            </param>
            <param index="1">
              <value>
                <![CDATA[90210 ]]>
              </value>
            </param>
            <param index="2">
              <value>
                <![CDATA[Beverly Hills]]>
              </value>
            </param>
          </params>
          <reporter-output>
          </reporter-output>
        </test-method> <!-- APITest2 -->
        <test-method signature="APITest2(java.lang.String, java.lang.String, java.lang.String)[pri:0, instance:GetAPI@6d07a63d]" started-at="2022-07-20T18:12:29Z" name="APITest2" data-provider="dataprovider1" finished-at="2022-07-20T18:12:29Z" duration-ms="255" status="PASS">
          <params>
            <param index="0">
              <value>
                <![CDATA[us]]>
              </value>
            </param>
            <param index="1">
              <value>
                <![CDATA[12345 ]]>
              </value>
            </param>
            <param index="2">
              <value>
                <![CDATA[Schenectady]]>
              </value>
            </param>
          </params>
          <reporter-output>
          </reporter-output>
        </test-method> <!-- APITest2 -->
        <test-method signature="APITest2(java.lang.String, java.lang.String, java.lang.String)[pri:0, instance:GetAPI@6d07a63d]" started-at="2022-07-20T18:12:29Z" name="APITest2" data-provider="dataprovider1" finished-at="2022-07-20T18:12:29Z" duration-ms="266" status="PASS">
          <params>
            <param index="0">
              <value>
                <![CDATA[ca]]>
              </value>
            </param>
            <param index="1">
              <value>
                <![CDATA[B2R ]]>
              </value>
            </param>
            <param index="2">
              <value>
                <![CDATA[Waverley]]>
              </value>
            </param>
          </params>
          <reporter-output>
          </reporter-output>
        </test-method> <!-- APITest2 -->
      </class> <!-- GetAPI -->
    </test> <!-- Default test -->
  </suite> <!-- Default suite -->
</testng-results>
