<?xml version="1.0" encoding="UTF-8"?>
<testng-results ignored="0" total="7" passed="7" failed="0" skipped="0">
  <reporter-output>
  </reporter-output>
  <suite started-at="2022-07-21T18:44:17 CEST" name="Suite" finished-at="2022-07-21T18:46:32 CEST" duration-ms="134733">
    <groups>
    </groups>
    <test started-at="2022-07-21T18:44:17 CEST" name="Test" finished-at="2022-07-21T18:46:32 CEST" duration-ms="134733">
      <class name="tests.UITestCases">
        <test-method is-config="true" signature="setupApplication()[pri:0, instance:tests.UITestCases@6cd28fa7]" started-at="2022-07-21T18:44:22 CEST" name="setupApplication" finished-at="2022-07-21T18:44:39 CEST" duration-ms="17137" status="PASS">
          <reporter-output>
          </reporter-output>
        </test-method> <!-- setupApplication -->
        <test-method signature="verifyServicesAutomationLink()[pri:1, instance:tests.UITestCases@6cd28fa7]" started-at="2022-07-21T18:44:39 CEST" name="verifyServicesAutomationLink" finished-at="2022-07-21T18:44:45 CEST" duration-ms="5800" status="PASS">
          <reporter-output>
          </reporter-output>
        </test-method> <!-- verifyServicesAutomationLink -->
        <test-method is-config="true" signature="closeApplication()[pri:0, instance:tests.UITestCases@6cd28fa7]" started-at="2022-07-21T18:44:45 CEST" name="closeApplication" finished-at="2022-07-21T18:44:45 CEST" duration-ms="191" status="PASS">
          <reporter-output>
          </reporter-output>
        </test-method> <!-- closeApplication -->
        <test-method is-config="true" signature="setupApplication()[pri:0, instance:tests.UITestCases@6cd28fa7]" started-at="2022-07-21T18:44:45 CEST" name="setupApplication" finished-at="2022-07-21T18:44:59 CEST" duration-ms="13832" status="PASS">
          <reporter-output>
          </reporter-output>
        </test-method> <!-- setupApplication -->
        <test-method signature="verifyContactUs()[pri:2, instance:tests.UITestCases@6cd28fa7]" started-at="2022-07-21T18:44:59 CEST" name="verifyContactUs" finished-at="2022-07-21T18:45:11 CEST" duration-ms="11725" status="PASS">
          <reporter-output>
          </reporter-output>
        </test-method> <!-- verifyContactUs -->
        <test-method is-config="true" signature="closeApplication()[pri:0, instance:tests.UITestCases@6cd28fa7]" started-at="2022-07-21T18:45:11 CEST" name="closeApplication" finished-at="2022-07-21T18:45:11 CEST" duration-ms="167" status="PASS">
          <reporter-output>
          </reporter-output>
        </test-method> <!-- closeApplication -->
        <test-method is-config="true" signature="setupApplication()[pri:0, instance:tests.UITestCases@6cd28fa7]" started-at="2022-07-21T18:45:11 CEST" name="setupApplication" finished-at="2022-07-21T18:45:25 CEST" duration-ms="14318" status="PASS">
          <reporter-output>
          </reporter-output>
        </test-method> <!-- setupApplication -->
        <test-method signature="verifyWorldwideDropdownCounties()[pri:3, instance:tests.UITestCases@6cd28fa7]" started-at="2022-07-21T18:45:25 CEST" name="verifyWorldwideDropdownCounties" finished-at="2022-07-21T18:46:32 CEST" duration-ms="66546" status="PASS">
          <reporter-output>
          </reporter-output>
        </test-method> <!-- verifyWorldwideDropdownCounties -->
        <test-method is-config="true" signature="closeApplication()[pri:0, instance:tests.UITestCases@6cd28fa7]" started-at="2022-07-21T18:46:32 CEST" name="closeApplication" finished-at="2022-07-21T18:46:32 CEST" duration-ms="220" status="PASS">
          <reporter-output>
          </reporter-output>
        </test-method> <!-- closeApplication -->
      </class> <!-- tests.UITestCases -->
      <class name="tests.APITestCases">
        <test-method signature="APITest1()[pri:1, instance:tests.APITestCases@47faa49c]" started-at="2022-07-21T18:44:17 CEST" name="APITest1" finished-at="2022-07-21T18:44:21 CEST" duration-ms="3718" status="PASS">
          <reporter-output>
          </reporter-output>
        </test-method> <!-- APITest1 -->
        <test-method signature="APITest2(java.lang.String,java.lang.String,java.lang.String)[pri:2, instance:tests.APITestCases@47faa49c]" started-at="2022-07-21T18:44:21 CEST" name="APITest2" data-provider="dataprovider1" finished-at="2022-07-21T18:44:21 CEST" duration-ms="418" status="PASS">
          <params>
            <param index="0">
              <value>
                <![CDATA[us]]>
              </value>
            </param>
            <param index="1">
              <value>
                <![CDATA[90210 ]]>
              </value>
            </param>
            <param index="2">
              <value>
                <![CDATA[Beverly Hills]]>
              </value>
            </param>
          </params>
          <reporter-output>
          </reporter-output>
        </test-method> <!-- APITest2 -->
        <test-method signature="APITest2(java.lang.String,java.lang.String,java.lang.String)[pri:2, instance:tests.APITestCases@47faa49c]" started-at="2022-07-21T18:44:21 CEST" name="APITest2" data-provider="dataprovider1" finished-at="2022-07-21T18:44:22 CEST" duration-ms="272" status="PASS">
          <params>
            <param index="0">
              <value>
                <![CDATA[us]]>
              </value>
            </param>
            <param index="1">
              <value>
                <![CDATA[12345 ]]>
              </value>
            </param>
            <param index="2">
              <value>
                <![CDATA[Schenectady]]>
              </value>
            </param>
          </params>
          <reporter-output>
          </reporter-output>
        </test-method> <!-- APITest2 -->
        <test-method signature="APITest2(java.lang.String,java.lang.String,java.lang.String)[pri:2, instance:tests.APITestCases@47faa49c]" started-at="2022-07-21T18:44:22 CEST" name="APITest2" data-provider="dataprovider1" finished-at="2022-07-21T18:44:22 CEST" duration-ms="268" status="PASS">
          <params>
            <param index="0">
              <value>
                <![CDATA[ca]]>
              </value>
            </param>
            <param index="1">
              <value>
                <![CDATA[B2R ]]>
              </value>
            </param>
            <param index="2">
              <value>
                <![CDATA[Waverley]]>
              </value>
            </param>
          </params>
          <reporter-output>
          </reporter-output>
        </test-method> <!-- APITest2 -->
      </class> <!-- tests.APITestCases -->
    </test> <!-- Test -->
  </suite> <!-- Suite -->
</testng-results>
