<?xml version="1.0" encoding="UTF-8"?>
<!-- Generated by org.testng.reporters.JUnitXMLReporter -->
<testsuite ignored="0" hostname="Harshadas-MBP" failures="0" tests="4" name="Default test" time="4.459" errors="0" timestamp="20 Jul 2022 18:12:29 GMT">
  <testcase classname="GetAPI" name="APITest1" time="3.46"/>
  <testcase classname="GetAPI" name="APITest2" time="0.431"/>
  <testcase classname="GetAPI" name="APITest2" time="0.255"/>
  <testcase classname="GetAPI" name="APITest2" time="0.266"/>
</testsuite> <!-- Default test -->
